<?xml version="1.0" encoding="UTF-8"?>
<robot generator="Robot 7.2 (Python 3.13.1 on win32)" generated="2025-03-12T14:18:10.682988" rpa="false" schemaversion="5">
<suite id="s1" name="DinoPark" source="C:\Users\nesli\Documents\GitHub\ContinuousTesting\DinoPark">
<suite id="s1-s1" name="Tests" source="C:\Users\nesli\Documents\GitHub\ContinuousTesting\DinoPark\tests">
<suite id="s1-s1-s1" name="Login Page" source="C:\Users\nesli\Documents\GitHub\ContinuousTesting\DinoPark\tests\login_page.robot">
<test id="s1-s1-s1-t1" name="Invalid Login" line="12">
<kw name="Open Browser To Page" owner="keywords" type="SETUP">
<kw name="Open Browser" owner="SeleniumLibrary">
<msg time="2025-03-12T14:18:11.342905" level="INFO">Opening browser 'headlesschrome' to base url 'file:///C:/Users/nesli/Documents/GitHub/ContinuousTesting/DinoPark/webpages/jurap.html'.</msg>
<msg time="2025-03-12T14:18:12.166817" level="WARN">The chromedriver version (132.0.6834.110) detected in PATH at C:\Users\nesli\WebDriver\chromedriver-win64\chromedriver.exe might not be compatible with the detected chrome version (134.0.6998.88); currently, chromedriver 134.0.6998.88 is recommended for chrome 134.*, so it is advised to delete the driver in PATH and retry</msg>
<msg time="2025-03-12T14:18:16.101074" level="INFO">Cannot capture screenshot because no browser is open.</msg>
<msg time="2025-03-12T14:18:16.101520" level="FAIL">SessionNotCreatedException: Message: session not created: This version of ChromeDriver only supports Chrome version 132
Current browser version is 134.0.6998.88 with binary path C:\Program Files (x86)\Google\Chrome\Application\chrome.exe
Stacktrace:
	GetHandleVerifier [0x00007FF6D679CC05+28741]
	(No symbol) [0x00007FF6D66FFED0]
	(No symbol) [0x00007FF6D6594FBA]
	(No symbol) [0x00007FF6D65D6C52]
	(No symbol) [0x00007FF6D65D5CBB]
	(No symbol) [0x00007FF6D65CFCE8]
	(No symbol) [0x00007FF6D65CB379]
	(No symbol) [0x00007FF6D661B09A]
	(No symbol) [0x00007FF6D661A6D0]
	(No symbol) [0x00007FF6D660FBD3]
	(No symbol) [0x00007FF6D65D9F43]
	(No symbol) [0x00007FF6D65DB2D1]
	GetHandleVerifier [0x00007FF6D6ACDE3D+3375741]
	GetHandleVerifier [0x00007FF6D6AE096A+3452330]
	GetHandleVerifier [0x00007FF6D6AD671D+3410781]
	GetHandleVerifier [0x00007FF6D686653B+854395]
	(No symbol) [0x00007FF6D670BE0F]
	(No symbol) [0x00007FF6D6707714]
	(No symbol) [0x00007FF6D67078AD]
	(No symbol) [0x00007FF6D66F6189]
	BaseThreadInitThunk [0x00007FFD2D1DE8D7+23]
	RtlUserThreadStart [0x00007FFD2DCDBF6C+44]
</msg>
<arg>${url}</arg>
<arg>${browser}</arg>
<doc>Opens a new browser instance to the optional ``url``.</doc>
<status status="FAIL" start="2025-03-12T14:18:11.342158" elapsed="4.771654">SessionNotCreatedException: Message: session not created: This version of ChromeDriver only supports Chrome version 132
Current browser version is 134.0.6998.88 with binary path C:\Program Files (x86)\Google\Chrome\Application\chrome.exe
Stacktrace:
	GetHandleVerifier [0x00007FF6D679CC05+28741]
	(No symbol) [0x00007FF6D66FFED0]
	(No symbol) [0x00007FF6D6594FBA]
	(No symbol) [0x00007FF6D65D6C52]
	(No symbol) [0x00007FF6D65D5CBB]
	(No symbol) [0x00007FF6D65CFCE8]
	(No symbol) [0x00007FF6D65CB379]
	(No symbol) [0x00007FF6D661B09A]
	(No symbol) [0x00007FF6D661A6D0]
	(No symbol) [0x00007FF6D660FBD3]
	(No symbol) [0x00007FF6D65D9F43]
	(No symbol) [0x00007FF6D65DB2D1]
	GetHandleVerifier [0x00007FF6D6ACDE3D+3375741]
	GetHandleVerifier [0x00007FF6D6AE096A+3452330]
	GetHandleVerifier [0x00007FF6D6AD671D+3410781]
	GetHandleVerifier [0x00007FF6D686653B+854395]
	(No symbol) [0x00007FF6D670BE0F]
	(No symbol) [0x00007FF6D6707714]
	(No symbol) [0x00007FF6D67078AD]
	(No symbol) [0x00007FF6D66F6189]
	BaseThreadInitThunk [0x00007FFD2D1DE8D7+23]
	RtlUserThreadStart [0x00007FFD2DCDBF6C+44]
</status>
</kw>
<kw name="Title Should Be" owner="SeleniumLibrary">
<arg>${title}</arg>
<doc>Verifies that the current page title equals ``title``.</doc>
<status status="NOT RUN" start="2025-03-12T14:18:16.114196" elapsed="0.000209"/>
</kw>
<arg>${url_test}</arg>
<arg>${browser_test}</arg>
<arg>${title_test}</arg>
<status status="FAIL" start="2025-03-12T14:18:11.340529" elapsed="4.774203">SessionNotCreatedException: Message: session not created: This version of ChromeDriver only supports Chrome version 132
Current browser version is 134.0.6998.88 with binary path C:\Program Files (x86)\Google\Chrome\Application\chrome.exe
Stacktrace:
	GetHandleVerifier [0x00007FF6D679CC05+28741]
	(No symbol) [0x00007FF6D66FFED0]
	(No symbol) [0x00007FF6D6594FBA]
	(No symbol) [0x00007FF6D65D6C52]
	(No symbol) [0x00007FF6D65D5CBB]
	(No symbol) [0x00007FF6D65CFCE8]
	(No symbol) [0x00007FF6D65CB379]
	(No symbol) [0x00007FF6D661B09A]
	(No symbol) [0x00007FF6D661A6D0]
	(No symbol) [0x00007FF6D660FBD3]
	(No symbol) [0x00007FF6D65D9F43]
	(No symbol) [0x00007FF6D65DB2D1]
	GetHandleVerifier [0x00007FF6D6ACDE3D+3375741]
	GetHandleVerifier [0x00007FF6D6AE096A+3452330]
	GetHandleVerifier [0x00007FF6D6AD671D+3410781]
	GetHandleVerifier [0x00007FF6D686653B+854395]
	(No symbol) [0x00007FF6D670BE0F]
	(No symbol) [0x00007FF6D6707714]
	(No symbol) [0x00007FF6D67078AD]
	(No symbol) [0x00007FF6D66F6189]
	BaseThreadInitThunk [0x00007FFD2D1DE8D7+23]
	RtlUserThreadStart [0x00007FFD2DCDBF6C+44]
</status>
</kw>
<kw name="Close Browser" owner="SeleniumLibrary" type="TEARDOWN">
<doc>Closes the current browser.</doc>
<status status="PASS" start="2025-03-12T14:18:16.115378" elapsed="0.000407"/>
</kw>
<doc>Scenario: Invalid login, we should receive an error message when we are trying to log in with invalid credentials.</doc>
<tag>Nesli</tag>
<status status="FAIL" start="2025-03-12T14:18:11.338782" elapsed="4.777325">Setup failed:
SessionNotCreatedException: Message: session not created: This version of ChromeDriver only supports Chrome version 132
Current browser version is 134.0.6998.88 with binary path C:\Program Files (x86)\Google\Chrome\Application\chrome.exe
Stacktrace:
	GetHandleVerifier [0x00007FF6D679CC05+28741]
	(No symbol) [0x00007FF6D66FFED0]
	(No symbol) [0x00007FF6D6594FBA]
	(No symbol) [0x00007FF6D65D6C52]
	(No symbol) [0x00007FF6D65D5CBB]
	(No symbol) [0x00007FF6D65CFCE8]
	(No symbol) [0x00007FF6D65CB379]
	(No symbol) [0x00007FF6D661B09A]
	(No symbol) [0x00007FF6D661A6D0]
	(No symbol) [0x00007FF6D660FBD3]
	(No symbol) [0x00007FF6D65D9F43]
	(No symbol) [0x00007FF6D65DB2D1]
	GetHandleVerifier [0x00007FF6D6ACDE3D+3375741]
	GetHandleVerifier [0x00007FF6D6AE096A+3452330]
	GetHandleVerifier [0x00007FF6D6AD671D+3410781]
	GetHandleVerifier [0x00007FF6D686653B+854395]
	(No symbol) [0x00007FF6D670BE0F]
	(No symbol) [0x00007FF6D6707714]
	(No symbol) [0x00007FF6D67078AD]
	(No symbol) [0x00007FF6D66F6189]
	BaseThreadInitThunk [0x00007FFD2D1DE8D7+23]
	RtlUserThreadStart [0x00007FFD2DCDBF6C+44]
</status>
</test>
<test id="s1-s1-s1-t2" name="Valid Login" line="25">
<kw name="Open Browser To Page" owner="keywords" type="SETUP">
<kw name="Open Browser" owner="SeleniumLibrary">
<msg time="2025-03-12T14:18:16.122394" level="INFO">Opening browser 'headlesschrome' to base url 'file:///C:/Users/nesli/Documents/GitHub/ContinuousTesting/DinoPark/webpages/jurap.html'.</msg>
<msg time="2025-03-12T14:18:16.647826" level="WARN">The chromedriver version (132.0.6834.110) detected in PATH at C:\Users\nesli\WebDriver\chromedriver-win64\chromedriver.exe might not be compatible with the detected chrome version (134.0.6998.88); currently, chromedriver 134.0.6998.88 is recommended for chrome 134.*, so it is advised to delete the driver in PATH and retry</msg>
<msg time="2025-03-12T14:18:20.320634" level="INFO">Cannot capture screenshot because no browser is open.</msg>
<msg time="2025-03-12T14:18:20.321051" level="FAIL">SessionNotCreatedException: Message: session not created: This version of ChromeDriver only supports Chrome version 132
Current browser version is 134.0.6998.88 with binary path C:\Program Files (x86)\Google\Chrome\Application\chrome.exe
Stacktrace:
	GetHandleVerifier [0x00007FF6D679CC05+28741]
	(No symbol) [0x00007FF6D66FFED0]
	(No symbol) [0x00007FF6D6594FBA]
	(No symbol) [0x00007FF6D65D6C52]
	(No symbol) [0x00007FF6D65D5CBB]
	(No symbol) [0x00007FF6D65CFCE8]
	(No symbol) [0x00007FF6D65CB379]
	(No symbol) [0x00007FF6D661B09A]
	(No symbol) [0x00007FF6D661A6D0]
	(No symbol) [0x00007FF6D660FBD3]
	(No symbol) [0x00007FF6D65D9F43]
	(No symbol) [0x00007FF6D65DB2D1]
	GetHandleVerifier [0x00007FF6D6ACDE3D+3375741]
	GetHandleVerifier [0x00007FF6D6AE096A+3452330]
	GetHandleVerifier [0x00007FF6D6AD671D+3410781]
	GetHandleVerifier [0x00007FF6D686653B+854395]
	(No symbol) [0x00007FF6D670BE0F]
	(No symbol) [0x00007FF6D6707714]
	(No symbol) [0x00007FF6D67078AD]
	(No symbol) [0x00007FF6D66F6189]
	BaseThreadInitThunk [0x00007FFD2D1DE8D7+23]
	RtlUserThreadStart [0x00007FFD2DCDBF6C+44]
</msg>
<arg>${url}</arg>
<arg>${browser}</arg>
<doc>Opens a new browser instance to the optional ``url``.</doc>
<status status="FAIL" start="2025-03-12T14:18:16.121699" elapsed="4.203762">SessionNotCreatedException: Message: session not created: This version of ChromeDriver only supports Chrome version 132
Current browser version is 134.0.6998.88 with binary path C:\Program Files (x86)\Google\Chrome\Application\chrome.exe
Stacktrace:
	GetHandleVerifier [0x00007FF6D679CC05+28741]
	(No symbol) [0x00007FF6D66FFED0]
	(No symbol) [0x00007FF6D6594FBA]
	(No symbol) [0x00007FF6D65D6C52]
	(No symbol) [0x00007FF6D65D5CBB]
	(No symbol) [0x00007FF6D65CFCE8]
	(No symbol) [0x00007FF6D65CB379]
	(No symbol) [0x00007FF6D661B09A]
	(No symbol) [0x00007FF6D661A6D0]
	(No symbol) [0x00007FF6D660FBD3]
	(No symbol) [0x00007FF6D65D9F43]
	(No symbol) [0x00007FF6D65DB2D1]
	GetHandleVerifier [0x00007FF6D6ACDE3D+3375741]
	GetHandleVerifier [0x00007FF6D6AE096A+3452330]
	GetHandleVerifier [0x00007FF6D6AD671D+3410781]
	GetHandleVerifier [0x00007FF6D686653B+854395]
	(No symbol) [0x00007FF6D670BE0F]
	(No symbol) [0x00007FF6D6707714]
	(No symbol) [0x00007FF6D67078AD]
	(No symbol) [0x00007FF6D66F6189]
	BaseThreadInitThunk [0x00007FFD2D1DE8D7+23]
	RtlUserThreadStart [0x00007FFD2DCDBF6C+44]
</status>
</kw>
<kw name="Title Should Be" owner="SeleniumLibrary">
<arg>${title}</arg>
<doc>Verifies that the current page title equals ``title``.</doc>
<status status="NOT RUN" start="2025-03-12T14:18:20.325735" elapsed="0.000167"/>
</kw>
<arg>${url_test}</arg>
<arg>${browser_test}</arg>
<arg>${title_test}</arg>
<status status="FAIL" start="2025-03-12T14:18:16.120899" elapsed="4.205187">SessionNotCreatedException: Message: session not created: This version of ChromeDriver only supports Chrome version 132
Current browser version is 134.0.6998.88 with binary path C:\Program Files (x86)\Google\Chrome\Application\chrome.exe
Stacktrace:
	GetHandleVerifier [0x00007FF6D679CC05+28741]
	(No symbol) [0x00007FF6D66FFED0]
	(No symbol) [0x00007FF6D6594FBA]
	(No symbol) [0x00007FF6D65D6C52]
	(No symbol) [0x00007FF6D65D5CBB]
	(No symbol) [0x00007FF6D65CFCE8]
	(No symbol) [0x00007FF6D65CB379]
	(No symbol) [0x00007FF6D661B09A]
	(No symbol) [0x00007FF6D661A6D0]
	(No symbol) [0x00007FF6D660FBD3]
	(No symbol) [0x00007FF6D65D9F43]
	(No symbol) [0x00007FF6D65DB2D1]
	GetHandleVerifier [0x00007FF6D6ACDE3D+3375741]
	GetHandleVerifier [0x00007FF6D6AE096A+3452330]
	GetHandleVerifier [0x00007FF6D6AD671D+3410781]
	GetHandleVerifier [0x00007FF6D686653B+854395]
	(No symbol) [0x00007FF6D670BE0F]
	(No symbol) [0x00007FF6D6707714]
	(No symbol) [0x00007FF6D67078AD]
	(No symbol) [0x00007FF6D66F6189]
	BaseThreadInitThunk [0x00007FFD2D1DE8D7+23]
	RtlUserThreadStart [0x00007FFD2DCDBF6C+44]
</status>
</kw>
<kw name="Close Browser" owner="SeleniumLibrary" type="TEARDOWN">
<doc>Closes the current browser.</doc>
<status status="PASS" start="2025-03-12T14:18:20.326575" elapsed="0.000299"/>
</kw>
<doc>Scenario: Valid login, I should be logged in succesfully and be redirected to the home page when I enter my valid credentials.</doc>
<status status="FAIL" start="2025-03-12T14:18:16.118875" elapsed="4.208317">Setup failed:
SessionNotCreatedException: Message: session not created: This version of ChromeDriver only supports Chrome version 132
Current browser version is 134.0.6998.88 with binary path C:\Program Files (x86)\Google\Chrome\Application\chrome.exe
Stacktrace:
	GetHandleVerifier [0x00007FF6D679CC05+28741]
	(No symbol) [0x00007FF6D66FFED0]
	(No symbol) [0x00007FF6D6594FBA]
	(No symbol) [0x00007FF6D65D6C52]
	(No symbol) [0x00007FF6D65D5CBB]
	(No symbol) [0x00007FF6D65CFCE8]
	(No symbol) [0x00007FF6D65CB379]
	(No symbol) [0x00007FF6D661B09A]
	(No symbol) [0x00007FF6D661A6D0]
	(No symbol) [0x00007FF6D660FBD3]
	(No symbol) [0x00007FF6D65D9F43]
	(No symbol) [0x00007FF6D65DB2D1]
	GetHandleVerifier [0x00007FF6D6ACDE3D+3375741]
	GetHandleVerifier [0x00007FF6D6AE096A+3452330]
	GetHandleVerifier [0x00007FF6D6AD671D+3410781]
	GetHandleVerifier [0x00007FF6D686653B+854395]
	(No symbol) [0x00007FF6D670BE0F]
	(No symbol) [0x00007FF6D6707714]
	(No symbol) [0x00007FF6D67078AD]
	(No symbol) [0x00007FF6D66F6189]
	BaseThreadInitThunk [0x00007FFD2D1DE8D7+23]
	RtlUserThreadStart [0x00007FFD2DCDBF6C+44]
</status>
</test>
<doc>Grupp 9(Nesli,Tuba, Quratulain)</doc>
<status status="FAIL" start="2025-03-12T14:18:10.730435" elapsed="9.599233"/>
</suite>
<status status="FAIL" start="2025-03-12T14:18:10.726747" elapsed="9.605151"/>
</suite>
<status status="FAIL" start="2025-03-12T14:18:10.691697" elapsed="9.641663"/>
</suite>
<statistics>
<total>
<stat pass="0" fail="2" skip="0">All Tests</stat>
</total>
<tag>
<stat pass="0" fail="1" skip="0">Nesli</stat>
</tag>
<suite>
<stat name="DinoPark" id="s1" pass="0" fail="2" skip="0">DinoPark</stat>
<stat name="Tests" id="s1-s1" pass="0" fail="2" skip="0">DinoPark.Tests</stat>
<stat name="Login Page" id="s1-s1-s1" pass="0" fail="2" skip="0">DinoPark.Tests.Login Page</stat>
</suite>
</statistics>
<errors>
<msg time="2025-03-12T14:18:12.166817" level="WARN">The chromedriver version (132.0.6834.110) detected in PATH at C:\Users\nesli\WebDriver\chromedriver-win64\chromedriver.exe might not be compatible with the detected chrome version (134.0.6998.88); currently, chromedriver 134.0.6998.88 is recommended for chrome 134.*, so it is advised to delete the driver in PATH and retry</msg>
<msg time="2025-03-12T14:18:16.647826" level="WARN">The chromedriver version (132.0.6834.110) detected in PATH at C:\Users\nesli\WebDriver\chromedriver-win64\chromedriver.exe might not be compatible with the detected chrome version (134.0.6998.88); currently, chromedriver 134.0.6998.88 is recommended for chrome 134.*, so it is advised to delete the driver in PATH and retry</msg>
</errors>
</robot>
